<?xml version="1.0" encoding="UTF-8"?>
<!-- Generated by org.testng.reporters.JUnitReportReporter -->
<testsuite skipped="0" hostname="DESKTOP-Noyon" name="example.Hippa" tests="1" failures="0" timestamp="2021-03-17T13:43:52 CDT" time="2.072" errors="0">
  <testcase name="clickHippa" time="2.072" classname="example.Hippa"/>
  <system-out/>
</testsuite> <!-- example.Hippa -->
